============================= test session starts ==============================
platform linux -- Python 3.13.7, pytest-9.0.2, pluggy-1.6.0 -- /home/infres/yinwang/anaconda3/envs/eeg2025/bin/python
rootdir: /home/infres/yinwang/denoiseNet_replay_bc68f59
plugins: anyio-4.12.1
collecting ... collected 80 items

tests/unit/test_cgdr_p0_precision.py::test_p0_is_exact_fp64_ridge_and_uses_svd_of_transfer PASSED [  1%]
tests/unit/test_cgdr_p0_precision.py::test_p0_rejects_negative_ridge PASSED [  2%]
tests/unit/test_cgdr_p0_precision.py::test_p0_prediction_and_projector_are_invariant_to_orthogonal_eog_coordinates PASSED [  3%]
tests/unit/test_cgdr_p0_precision.py::test_unregularized_identifiable_prediction_is_invariant_to_general_reparameterization PASSED [  5%]
tests/unit/test_cgdr_p0_precision.py::test_dataset_precision_uses_pi0_pic_per_frame_and_valid_weight PASSED [  6%]
tests/unit/test_cgdr_p0_precision.py::test_wrho_is_convex_precision_interpolation PASSED [  7%]
tests/unit/test_cgdr_p0_precision.py::test_rho_zero_returns_pop_without_context_construction PASSED [  8%]
tests/unit/test_cgdr_p0_precision.py::test_formal_population_constructor_requires_frame_fields_and_pi0 PASSED [ 10%]
tests/unit/test_cgdr_p0_precision.py::test_pi0_pic_dataset_and_montage_must_match PASSED [ 11%]
tests/unit/test_cgdr_p0_precision.py::test_legacy_api_is_explicitly_labeled_isotropic_ablation PASSED [ 12%]
tests/unit/test_cgdr_pop_shrink.py::test_pop_shrink_endpoints_return_exact_input_projectors PASSED [ 13%]
tests/unit/test_cgdr_pop_shrink.py::test_pop_shrink_middle_is_symmetric_idempotent_and_fixed_rank PASSED [ 15%]
tests/unit/test_cgdr_pop_shrink.py::test_pop_shrink_is_invariant_to_basis_reparameterization PASSED [ 16%]
tests/unit/test_cgdr_pop_shrink.py::test_pop_shrink_is_equivariant_under_eeg_coordinate_rotation PASSED [ 17%]
tests/unit/test_cgdr_pop_shrink.py::test_pop_shrink_ambiguous_top_subspace_falls_back_to_pop PASSED [ 18%]
tests/unit/test_cgdr_pop_shrink.py::test_ineligible_context_short_circuits_without_reading_or_constructing_it PASSED [ 20%]
tests/unit/test_cgdr_pop_shrink.py::test_invalid_context_projector_falls_back_to_pop[context0-context_projector_shape] PASSED [ 21%]
tests/unit/test_cgdr_pop_shrink.py::test_invalid_context_projector_falls_back_to_pop[context1-context_projector_not_symmetric] PASSED [ 22%]
tests/unit/test_cgdr_pop_shrink.py::test_invalid_context_projector_falls_back_to_pop[context2-context_projector_not_idempotent] PASSED [ 23%]
tests/unit/test_cgdr_pop_shrink.py::test_invalid_context_projector_falls_back_to_pop[context3-context_projector_rank] PASSED [ 25%]
tests/unit/test_cgdr_pop_shrink.py::test_pop_endpoint_does_not_read_or_construct_context PASSED [ 26%]
tests/unit/test_cgdr_pop_shrink.py::test_compatibility_mismatch_falls_back_without_a_context_projector[context_compatibility0] PASSED [ 27%]
tests/unit/test_cgdr_pop_shrink.py::test_compatibility_mismatch_falls_back_without_a_context_projector[context_compatibility1] PASSED [ 28%]
tests/unit/test_cgdr_pop_shrink.py::test_compatibility_mismatch_falls_back_without_a_context_projector[context_compatibility2] PASSED [ 30%]
tests/unit/test_cgdr_pop_shrink.py::test_compatibility_mismatch_falls_back_without_a_context_projector[context_compatibility3] PASSED [ 31%]
tests/unit/test_cgdr_pop_shrink.py::test_compatibility_mismatch_falls_back_without_a_context_projector[context_compatibility4] PASSED [ 32%]
tests/unit/test_cgdr_pop_shrink.py::test_fit_scope_contract_rejects_population_or_context_leakage PASSED [ 33%]
tests/unit/test_cgdr_pop_shrink.py::test_population_projector_failure_is_fatal_because_pop_is_unavailable PASSED [ 35%]
tests/unit/test_cgdr_pop_shrink.py::test_public_signature_has_no_query_or_target_escape_hatch PASSED [ 36%]
tests/unit/test_cgdr_sampler_semantics.py::test_scientific_schedule_is_1000_linear_and_terminally_noised PASSED [ 37%]
tests/unit/test_cgdr_sampler_semantics.py::test_scientific_prior_rejects_old_t200_or_one_channel_contract PASSED [ 38%]
tests/unit/test_cgdr_sampler_semantics.py::test_joint_prior_padding_is_zero_and_cannot_affect_valid_output PASSED [ 40%]
tests/unit/test_cgdr_sampler_semantics.py::test_joint_prior_audit_requires_cross_channel_dependency PASSED [ 41%]
tests/unit/test_cgdr_sampler_semantics.py::test_score_epsilon_conversion_has_explicit_negative_sign_and_round_trip PASSED [ 42%]
tests/unit/test_cgdr_sampler_semantics.py::test_masked_training_loss_ignores_padding_values PASSED [ 43%]
tests/unit/test_cgdr_sampler_semantics.py::test_observation_energy_ignores_invalid_padding PASSED [ 45%]
tests/unit/test_cgdr_sampler_semantics.py::test_full_vjp_matches_directional_finite_difference PASSED [ 46%]
tests/unit/test_cgdr_sampler_semantics.py::test_guided_epsilon_has_correct_score_sign PASSED [ 47%]
tests/unit/test_cgdr_sampler_semantics.py::test_ddim_steps_equal_network_calls_and_trace_rows PASSED [ 48%]
tests/unit/test_cgdr_sampler_semantics.py::test_rho_zero_and_direct_pop_have_identical_trajectories_without_context PASSED [ 50%]
tests/unit/test_cgdr_sampler_semantics.py::test_full_generation_initial_state_is_exact_seeded_masked_standard_normal PASSED [ 51%]
tests/unit/test_cgdr_sampler_semantics.py::test_full_generation_valid_initial_marginal_is_empirical_standard_normal PASSED [ 52%]
tests/unit/test_cgdr_sampler_semantics.py::test_generic_ddim_uses_exact_requested_calls PASSED [ 53%]
tests/unit/test_cgdr_sampler_semantics.py::test_m5_one_step_supports_frame_precision_and_valid_mask PASSED [ 55%]
tests/unit/test_cgdr_sampler_semantics.py::test_sampler_candidate_names_are_exact_and_operator_orthogonal PASSED [ 56%]
tests/unit/test_cgdr_sampler_semantics.py::test_all_repaired_sampler_candidates_are_callable[full_generation_guided_ddim] PASSED [ 57%]
tests/unit/test_cgdr_sampler_semantics.py::test_all_repaired_sampler_candidates_are_callable[observation_warm_start_sdedit] PASSED [ 58%]
tests/unit/test_cgdr_sampler_semantics.py::test_all_repaired_sampler_candidates_are_callable[final_hard_q_consistency] PASSED [ 60%]
tests/unit/test_cgdr_sampler_semantics.py::test_all_repaired_sampler_candidates_are_callable[per_step_hard_q_consistency] PASSED [ 61%]
tests/unit/test_cgdr_sampler_semantics.py::test_all_repaired_sampler_candidates_are_callable[per_step_quadratic_proximal_q_consistency] PASSED [ 62%]
tests/unit/test_cgdr_sampler_semantics.py::test_all_repaired_sampler_candidates_are_callable[single_prior_eval_proximal] PASSED [ 63%]
tests/unit/test_cgdr_sampler_semantics.py::test_trace_marks_first_middle_last_and_records_required_norms PASSED [ 65%]
tests/unit/test_cgdr_sampler_semantics.py::test_long_registered_sampler_name_is_callable PASSED [ 66%]
tests/unit/test_cgdr_sampler_semantics.py::test_guidance_trust_radius_clips_oversized_update PASSED [ 67%]
tests/unit/test_cgdr_mechanism_data.py::test_frozen_source_record_partition_is_disjoint_and_complete PASSED [ 68%]
tests/unit/test_cgdr_mechanism_data.py::test_windowing_pads_after_normalization_with_true_zero PASSED [ 70%]
tests/unit/test_cgdr_mechanism_data.py::test_external_reference_uses_support_statistics_without_query_leakage PASSED [ 71%]
tests/unit/test_cgdr_mechanism_data.py::test_mechanism_split_manifest_uses_requested_minimal_schema PASSED [ 72%]
tests/unit/test_cgdr_mechanism_aggregate.py::test_replicate_contract_accepts_five_seeds_and_one_posterior_mean PASSED [ 73%]
tests/unit/test_cgdr_mechanism_aggregate.py::test_replicate_contract_rejects_missing_or_duplicate_seed[missing] PASSED [ 75%]
tests/unit/test_cgdr_mechanism_aggregate.py::test_replicate_contract_rejects_missing_or_duplicate_seed[duplicate] PASSED [ 76%]
tests/unit/test_cgdr_mechanism_aggregate.py::test_replicate_contract_requires_one_posterior_mean_row[missing] PASSED [ 77%]
tests/unit/test_cgdr_mechanism_aggregate.py::test_replicate_contract_requires_one_posterior_mean_row[duplicate] PASSED [ 78%]
tests/unit/test_cgdr_mechanism_aggregate.py::test_deterministic_identity_and_qy_are_one_aggregate_row_only PASSED [ 80%]
tests/unit/test_cgdr_mechanism_aggregate.py::test_metrics_come_from_posterior_mean_waveform_row_not_seed_metric_average PASSED [ 81%]
tests/unit/test_cgdr_mechanism_aggregate.py::test_fallback_rate_uses_explicit_fallback_field PASSED [ 82%]
tests/unit/test_cgdr_mechanism_aggregate.py::test_protocol_consumes_exact_five_seed_and_posterior_mean_contract PASSED [ 83%]
tests/unit/test_cgdr_mechanism_aggregate.py::test_aggregator_rejects_a_nonfive_seed_config_before_reading_results PASSED [ 85%]
tests/unit/test_cgdr_mechanism_aggregate.py::test_unsupported_development_choice_is_explicitly_diagnostic PASSED [ 86%]
tests/unit/test_cgdr_mechanism_aggregate.py::test_untouched_rejects_nonfrozen_sampler_or_trust[population_only-M0-0.5-non-frozen trust radius] PASSED [ 87%]
tests/unit/test_cgdr_mechanism_aggregate.py::test_untouched_rejects_nonfrozen_sampler_or_trust[oracle_projector-M1-0.25-non-frozen sampler candidate] PASSED [ 88%]
tests/unit/test_cgdr_mechanism_aggregate.py::test_paired_support_requires_confidence_interval_not_only_point_fraction PASSED [ 90%]
tests/unit/test_cgdr_mechanism_aggregate.py::test_untouched_abc_decision_keeps_m5_out_of_diffusion_conclusion_a[M0-True-True-A] PASSED [ 91%]
tests/unit/test_cgdr_mechanism_aggregate.py::test_untouched_abc_decision_keeps_m5_out_of_diffusion_conclusion_a[M5-True-True-B] PASSED [ 92%]
tests/unit/test_cgdr_mechanism_aggregate.py::test_untouched_abc_decision_keeps_m5_out_of_diffusion_conclusion_a[M0-False-True-B] PASSED [ 93%]
tests/unit/test_cgdr_mechanism_aggregate.py::test_untouched_abc_decision_keeps_m5_out_of_diffusion_conclusion_a[M0-False-False-C] PASSED [ 95%]
tests/unit/test_cgdr_mechanism_runner.py::test_paper_parallel_metric_and_empty_artifact_interval PASSED [ 96%]
tests/unit/test_cgdr_mechanism_runner.py::test_rejected_operator_keeps_exact_pop_output_and_failure_status PASSED [ 97%]
tests/unit/test_cgdr_mechanism_runner.py::test_rho_zero_does_not_validate_or_construct_context_projector PASSED [ 98%]
tests/unit/test_cgdr_mechanism_runner.py::test_resume_rejects_changed_plan_contract PASSED [100%]

============================== 80 passed in 3.29s ==============================
